This is pdfTeX, Version 3.14159265-2.6-1.40.20 (MiKTeX 2.9.7000 64-bit) (preloaded format=pdflatex 2019.4.6)  6 APR 2019 02:39
entering extended mode
**./ITTCompDA_Programming.tex
(ITTCompDA_Programming.tex
LaTeX2e <2018-12-01>
("C:\Program Files\MiKTeX 2.9\tex/latex/base\slides.cls"
Document Class: slides 2016/03/29 v2.4a Standard LaTeX document class
("C:\Program Files\MiKTeX 2.9\tex/latex/base\slides.def"
File: slides.def 2016/03/29 v2.4a SLiTeX definitions
 hacks, slides,
\c@page=\count80

picture, mods,
\@smashboxa=\box27
\@smashboxb=\box28
\@smashboxc=\box29
 output, init)
("C:\Program Files\MiKTeX 2.9\tex/latex/base\sfonts.def"
File: sfonts.def 1998/06/12 v2.2e Standard LaTeX slide font definitions

("C:\Program Files\MiKTeX 2.9\tex/latex/base\ot1lcmss.fd"
File: ot1lcmss.fd 1998/06/12 v2.2e Standard LaTeX slide font definitions
))
\c@minutes=\count81
\c@seconds=\count82
\c@mv@invisible=\count83
LaTeX Font Info:    Overwriting symbol font `operators' in version `normal'
(Font)                  OT1/cmr/m/n --> OT1/lcmss/m/n on input line 359.
LaTeX Font Info:    Overwriting symbol font `letters' in version `normal'
(Font)                  OML/cmm/m/it --> OML/lcmm/m/it on input line 362.
LaTeX Font Info:    Overwriting symbol font `symbols' in version `normal'
(Font)                  OMS/cmsy/m/n --> OMS/lcmsy/m/n on input line 364.
LaTeX Font Info:    Overwriting symbol font `largesymbols' in version `normal'
(Font)                  OMX/cmex/m/n --> OMX/lcmex/m/n on input line 366.
LaTeX Font Info:    Overwriting symbol font `operators' in version `invisible'
(Font)                  OT1/cmr/m/n --> OT1/lcmss/m/In on input line 369.
LaTeX Font Info:    Overwriting symbol font `letters' in version `invisible'
(Font)                  OML/cmm/m/it --> OML/lcmm/m/Iit on input line 371.
LaTeX Font Info:    Overwriting symbol font `symbols' in version `invisible'
(Font)                  OMS/cmsy/m/n --> OMS/lcmsy/m/In on input line 373.
LaTeX Font Info:    Overwriting symbol font `largesymbols' in version `invisibl
e'
(Font)                  OMX/cmex/m/n --> OMX/lcmex/m/In on input line 375.
)
("C:\Program Files\MiKTeX 2.9\tex/latex/geometry\geometry.sty"
Package: geometry 2018/04/16 v5.8 Page Geometry

("C:\Program Files\MiKTeX 2.9\tex/latex/graphics\keyval.sty"
Package: keyval 2014/10/28 v1.15 key=value parser (DPC)
\KV@toks@=\toks14
)
("C:\Program Files\MiKTeX 2.9\tex/generic/oberdiek\ifpdf.sty"
Package: ifpdf 2018/09/07 v3.3 Provides the ifpdf switch
)
("C:\Program Files\MiKTeX 2.9\tex/generic/oberdiek\ifvtex.sty"
Package: ifvtex 2016/05/16 v1.6 Detect VTeX and its facilities (HO)
Package ifvtex Info: VTeX not detected.
)
("C:\Program Files\MiKTeX 2.9\tex/generic/ifxetex\ifxetex.sty"
Package: ifxetex 2010/09/12 v0.6 Provides ifxetex conditional
)
\Gm@cnth=\count84
\Gm@cntv=\count85
\c@Gm@tempcnt=\count86
\Gm@bindingoffset=\dimen102
\Gm@wd@mp=\dimen103
\Gm@odd@mp=\dimen104
\Gm@even@mp=\dimen105
\Gm@layoutwidth=\dimen106
\Gm@layoutheight=\dimen107
\Gm@layouthoffset=\dimen108
\Gm@layoutvoffset=\dimen109
\Gm@dimlist=\toks15

("C:\Program Files\MiKTeX 2.9\tex/latex/geometry\geometry.cfg"))
("C:\Program Files\MiKTeX 2.9\tex/latex/graphics\graphicx.sty"
Package: graphicx 2017/06/01 v1.1a Enhanced LaTeX Graphics (DPC,SPQR)

("C:\Program Files\MiKTeX 2.9\tex/latex/graphics\graphics.sty"
Package: graphics 2017/06/25 v1.2c Standard LaTeX Graphics (DPC,SPQR)

("C:\Program Files\MiKTeX 2.9\tex/latex/graphics\trig.sty"
Package: trig 2016/01/03 v1.10 sin cos tan (DPC)
)
("C:\Program Files\MiKTeX 2.9\tex/latex/graphics-cfg\graphics.cfg"
File: graphics.cfg 2016/06/04 v1.11 sample graphics configuration
)
Package graphics Info: Driver file: pdftex.def on input line 99.

("C:\Program Files\MiKTeX 2.9\tex/latex/graphics-def\pdftex.def"
File: pdftex.def 2018/01/08 v1.0l Graphics/color driver for pdftex
))
\Gin@req@height=\dimen110
\Gin@req@width=\dimen111
)
(ITTCompDA_Programming.aux)
\openout1 = `ITTCompDA_Programming.aux'.

LaTeX Font Info:    Checking defaults for OML/cmm/m/it on input line 33.
LaTeX Font Info:    ... okay on input line 33.
LaTeX Font Info:    Checking defaults for T1/cmr/m/n on input line 33.
LaTeX Font Info:    ... okay on input line 33.
LaTeX Font Info:    Checking defaults for OT1/lcmss/m/n on input line 33.
LaTeX Font Info:    ... okay on input line 33.
LaTeX Font Info:    Checking defaults for OMS/cmsy/m/n on input line 33.
LaTeX Font Info:    ... okay on input line 33.
LaTeX Font Info:    Checking defaults for OMX/cmex/m/n on input line 33.
LaTeX Font Info:    ... okay on input line 33.
LaTeX Font Info:    Checking defaults for U/cmr/m/n on input line 33.
LaTeX Font Info:    ... okay on input line 33.

*geometry* driver: auto-detecting
*geometry* detected driver: pdftex
*geometry* verbose mode - [ preamble ] result:
* driver: pdftex
* paper: a4paper
* layout: <same size as paper>
* layoutoffset:(h,v)=(0.0pt,0.0pt)
* modes: landscape 
* h-part:(L,W,R)=(56.9055pt, 731.23582pt, 56.90552pt)
* v-part:(T,H,B)=(56.9055pt, 483.69684pt, 56.90553pt)
* \paperwidth=845.04684pt
* \paperheight=597.50787pt
* \textwidth=731.23582pt
* \textheight=483.69684pt
* \oddsidemargin=-15.36449pt
* \evensidemargin=-15.36449pt
* \topmargin=-44.36449pt
* \headheight=14.0pt
* \headsep=15.0pt
* \topskip=30.0pt
* \footskip=25.0pt
* \marginparwidth=58.06963pt
* \marginparsep=5.0pt
* \columnsep=10.0pt
* \skip\footins=10.0pt plus 2.0pt minus 4.0pt
* \hoffset=0.0pt
* \voffset=0.0pt
* \mag=1000
* \@twocolumnfalse
* \@twosidefalse
* \@mparswitchfalse
* \@reversemarginfalse
* (1in=72.27pt=25.4mm, 1cm=28.453pt)

(C:\Users\jvk\AppData\Roaming\MiKTeX\2.9\tex/context/base/mkii\supp-pdf.mkii
[Loading MPS to PDF converter (version 2006.09.02).]
\scratchcounter=\count87
\scratchdimen=\dimen112
\scratchbox=\box30
\nofMPsegments=\count88
\nofMParguments=\count89
\everyMPshowfont=\toks16
\MPscratchCnt=\count90
\MPscratchDim=\dimen113
\MPnumerator=\count91
\makeMPintoPDFobject=\count92
\everyMPtoPDFconversion=\toks17
) ("C:\Program Files\MiKTeX 2.9\tex/latex/oberdiek\epstopdf-base.sty"
Package: epstopdf-base 2016/05/15 v2.6 Base part for package epstopdf

("C:\Program Files\MiKTeX 2.9\tex/generic/oberdiek\infwarerr.sty"
Package: infwarerr 2016/05/16 v1.4 Providing info/warning/error messages (HO)
)
("C:\Program Files\MiKTeX 2.9\tex/latex/oberdiek\grfext.sty"
Package: grfext 2016/05/16 v1.2 Manage graphics extensions (HO)

("C:\Program Files\MiKTeX 2.9\tex/generic/oberdiek\kvdefinekeys.sty"
Package: kvdefinekeys 2016/05/16 v1.4 Define keys (HO)

("C:\Program Files\MiKTeX 2.9\tex/generic/oberdiek\ltxcmds.sty"
Package: ltxcmds 2016/05/16 v1.23 LaTeX kernel commands for general use (HO)
)))
("C:\Program Files\MiKTeX 2.9\tex/latex/oberdiek\kvoptions.sty"
Package: kvoptions 2016/05/16 v3.12 Key value format for package options (HO)

("C:\Program Files\MiKTeX 2.9\tex/generic/oberdiek\kvsetkeys.sty"
Package: kvsetkeys 2016/05/16 v1.17 Key value parser (HO)

("C:\Program Files\MiKTeX 2.9\tex/generic/oberdiek\etexcmds.sty"
Package: etexcmds 2016/05/16 v1.6 Avoid name clashes with e-TeX commands (HO)

("C:\Program Files\MiKTeX 2.9\tex/generic/oberdiek\ifluatex.sty"
Package: ifluatex 2016/05/16 v1.4 Provides the ifluatex switch (HO)
Package ifluatex Info: LuaTeX not detected.
))))
("C:\Program Files\MiKTeX 2.9\tex/generic/oberdiek\pdftexcmds.sty"
Package: pdftexcmds 2018/09/10 v0.29 Utility functions of pdfTeX for LuaTeX (HO
)
Package pdftexcmds Info: LuaTeX not detected.
Package pdftexcmds Info: \pdf@primitive is available.
Package pdftexcmds Info: \pdf@ifprimitive is available.
Package pdftexcmds Info: \pdfdraftmode found.
)
Package epstopdf-base Info: Redefining graphics rule for `.eps' on input line 4
38.
Package grfext Info: Graphics extension search list:
(grfext)             [.pdf,.png,.jpg,.mps,.jpeg,.jbig2,.jb2,.PDF,.PNG,.JPG,.JPE
G,.JBIG2,.JB2,.eps]
(grfext)             \AppendGraphicsExtensions on input line 456.
) [0

{C:/Users/jvk/AppData/Local/MiKTeX/2.9/pdftex/config/pdftex.map}]
LaTeX Font Info:    Try loading font information for OML+lcmm on input line 53.


("C:\Program Files\MiKTeX 2.9\tex/latex/base\omllcmm.fd"
File: omllcmm.fd 1998/06/12 v2.2e Standard LaTeX slide font definitions
)
LaTeX Font Info:    Try loading font information for OMS+lcmsy on input line 53
.

("C:\Program Files\MiKTeX 2.9\tex/latex/base\omslcmsy.fd"
File: omslcmsy.fd 1998/06/12 v2.2e Standard LaTeX slide font definitions
)
LaTeX Font Info:    Try loading font information for OMX+lcmex on input line 53
.

("C:\Program Files\MiKTeX 2.9\tex/latex/base\omxlcmex.fd"
File: omxlcmex.fd 1998/06/12 v2.2e Standard LaTeX slide font definitions
)
LaTeX Font Info:    External font `cmex10 at17.28pt' loaded for size
(Font)              <19.907> on input line 53.
LaTeX Font Info:    External font `cmex10 at17.28pt' loaded for size
(Font)              <16.59> on input line 53.
LaTeX Font Info:    External font `cmex10 at17.28pt' loaded for size
(Font)              <13.82> on input line 53.
 [0]
<images/ch1.jpg, id=11, 818.05624pt x 532.99126pt>
File: images/ch1.jpg Graphic file (type jpg)
<use images/ch1.jpg>
Package pdftex.def Info: images/ch1.jpg  used on input line 62.
(pdftex.def)             Requested size: 365.6179pt x 238.21729pt.
 [0 <./images/ch1.jpg>]
<images/ch2.jpg, id=15, 579.16376pt x 494.84875pt>
File: images/ch2.jpg Graphic file (type jpg)
<use images/ch2.jpg>
Package pdftex.def Info: images/ch2.jpg  used on input line 66.
(pdftex.def)             Requested size: 365.6179pt x 312.39063pt.
 [0 <./images/ch2.jpg>]
<images/ch3.jpg, id=19, 749.80125pt x 624.3325pt>
File: images/ch3.jpg Graphic file (type jpg)
<use images/ch3.jpg>
Package pdftex.def Info: images/ch3.jpg  used on input line 70.
(pdftex.def)             Requested size: 365.6179pt x 304.43947pt.
 [0 <./images/ch3.jpg>]
<images/ch4.jpg, id=23, 821.0675pt x 795.97375pt>
File: images/ch4.jpg Graphic file (type jpg)
<use images/ch4.jpg>
Package pdftex.def Info: images/ch4.jpg  used on input line 74.
(pdftex.def)             Requested size: 365.6179pt x 354.44405pt.
 [0 <./images/ch4.jpg>]
<images/ch5.jpg, id=27, 616.3025pt x 292.09125pt>
File: images/ch5.jpg Graphic file (type jpg)
<use images/ch5.jpg>
Package pdftex.def Info: images/ch5.jpg  used on input line 78.
(pdftex.def)             Requested size: 365.6179pt x 173.28612pt.

[0 <./images/ch5.jpg>]
<images/ch6.jpg, id=32, 766.865pt x 737.75626pt>
File: images/ch6.jpg Graphic file (type jpg)
<use images/ch6.jpg>
Package pdftex.def Info: images/ch6.jpg  used on input line 82.
(pdftex.def)             Requested size: 365.6179pt x 351.7437pt.
 [0 <./images/ch6.jpg>]
<images/ch7.jpg, id=36, 548.0475pt x 754.82pt>
File: images/ch7.jpg Graphic file (type jpg)
<use images/ch7.jpg>
Package pdftex.def Info: images/ch7.jpg  used on input line 86.
(pdftex.def)             Requested size: 292.48985pt x 402.85149pt.
 [0 <./images/ch7.jpg>]
(ITTCompDA_Programming.aux) ) 
Here is how much of TeX's memory you used:
 2015 strings out of 492945
 30327 string characters out of 3135520
 97256 words of memory out of 3000000
 5898 multiletter control sequences out of 15000+200000
 8128 words of font info for 29 fonts, out of 3000000 for 9000
 1141 hyphenation exceptions out of 8191
 41i,4n,28p,290b,140s stack positions out of 5000i,500n,10000p,200000b,50000s
<C:/Program Files/MiKTeX 2.9/fonts/type1/public/am
sfonts/cm/cmsy8.pfb><C:/Program Files/MiKTeX 2.9/fonts/type1/public/amsfonts/la
txfont/lcmss8.pfb><C:/Program Files/MiKTeX 2.9/fonts/type1/public/amsfonts/latx
font/lcmssb8.pfb>
Output written on ITTCompDA_Programming.pdf (9 pages, 1128936 bytes).
PDF statistics:
 51 PDF objects out of 1000 (max. 8388607)
 0 named destinations out of 1000 (max. 500000)
 36 words of extra memory for PDF output out of 10000 (max. 10000000)

