This is pdfTeX, Version 3.14159265-2.6-1.40.19 (TeX Live 2018) (preloaded format=pdflatex 2018.7.25)  26 FEB 2020 00:05
entering extended mode
 restricted \write18 enabled.
 file:line:error style messages enabled.
 %&-line parsing enabled.
**\input ITTCompDA_DataPreparationAndDescription.tex
(./ITTCompDA_DataPreparationAndDescription.tex

! LaTeX Error: File `../Common/commands.tex' not found.

Type X to quit or <RETURN> to proceed,
or enter new name. (Default extension: tex)

Enter file name: 
./ITTCompDA_DataPreparationAndDescription.tex:1: Emergency stop.
<read *> 
         
l.1 \input{../Common/commands}
                              ^^M
*** (cannot \read from terminal in nonstop modes)

 
Here is how much of TeX's memory you used:
 7 strings out of 492649
 273 string characters out of 6127739
 56267 words of memory out of 5000000
 3988 multiletter control sequences out of 15000+600000
 3640 words of font info for 14 fonts, out of 8000000 for 9000
 1141 hyphenation exceptions out of 8191
 5i,0n,3p,79b,8s stack positions out of 5000i,500n,10000p,200000b,80000s
./ITTCompDA_DataPreparationAndDescription.tex:1:  ==> Fatal error occurred, no 
output PDF file produced!
